{"C:\\Users\\wilhelm.bjorn\\Gruppuppgift - ALM\\webb24_alm_group_task\\__tests__\\test-setup.js": {"path":"C:\\Users\\wilhelm.bjorn\\Gruppuppgift - ALM\\webb24_alm_group_task\\__tests__\\test-setup.js","statementMap":{"0":{"start":{"line":2,"column":0},"end":{"line":2,"column":30}},"1":{"start":{"line":3,"column":18},"end":{"line":3,"column":51}},"2":{"start":{"line":4,"column":13},"end":{"line":4,"column":42}},"3":{"start":{"line":7,"column":0},"end":{"line":9,"column":3}},"4":{"start":{"line":8,"column":2},"end":{"line":8,"column":25}},"5":{"start":{"line":11,"column":0},"end":{"line":13,"column":3}},"6":{"start":{"line":12,"column":2},"end":{"line":12,"column":26}},"7":{"start":{"line":15,"column":0},"end":{"line":15,"column":37}}},"fnMap":{"0":{"name":"(anonymous_0)","decl":{"start":{"line":7,"column":10},"end":{"line":7,"column":11}},"loc":{"start":{"line":7,"column":22},"end":{"line":9,"column":1}},"line":7},"1":{"name":"(anonymous_1)","decl":{"start":{"line":11,"column":9},"end":{"line":11,"column":10}},"loc":{"start":{"line":11,"column":21},"end":{"line":13,"column":1}},"line":11}},"branchMap":{},"s":{"0":1,"1":1,"2":1,"3":1,"4":1,"5":1,"6":1,"7":1},"f":{"0":1,"1":1},"b":{},"_coverageSchema":"1a1c01bbd47fc00a2c39e90264f33305004495a9","hash":"92ac7fc90adf6ac774cf74b8628d92c3aef0663b"}
,"C:\\Users\\wilhelm.bjorn\\Gruppuppgift - ALM\\webb24_alm_group_task\\src\\config\\database.js": {"path":"C:\\Users\\wilhelm.bjorn\\Gruppuppgift - ALM\\webb24_alm_group_task\\src\\config\\database.js","statementMap":{"0":{"start":{"line":1,"column":22},"end":{"line":1,"column":42}},"1":{"start":{"line":2,"column":15},"end":{"line":2,"column":32}},"2":{"start":{"line":4,"column":0},"end":{"line":4,"column":16}},"3":{"start":{"line":8,"column":0},"end":{"line":20,"column":1}},"4":{"start":{"line":9,"column":2},"end":{"line":13,"column":5}},"5":{"start":{"line":15,"column":2},"end":{"line":19,"column":5}},"6":{"start":{"line":22,"column":0},"end":{"line":22,"column":27}}},"fnMap":{},"branchMap":{"0":{"loc":{"start":{"line":8,"column":0},"end":{"line":20,"column":1}},"type":"if","locations":[{"start":{"line":8,"column":0},"end":{"line":20,"column":1}},{"start":{"line":14,"column":7},"end":{"line":20,"column":1}}],"line":8}},"s":{"0":1,"1":1,"2":1,"3":1,"4":0,"5":1,"6":1},"f":{},"b":{"0":[0,1]},"_coverageSchema":"1a1c01bbd47fc00a2c39e90264f33305004495a9","hash":"ed2e78dc72913aadd80e733cec6e4e76d9084cca"}
,"C:\\Users\\wilhelm.bjorn\\Gruppuppgift - ALM\\webb24_alm_group_task\\src\\models\\User.js": {"path":"C:\\Users\\wilhelm.bjorn\\Gruppuppgift - ALM\\webb24_alm_group_task\\src\\models\\User.js","statementMap":{"0":{"start":{"line":1,"column":22},"end":{"line":1,"column":42}},"1":{"start":{"line":2,"column":18},"end":{"line":2,"column":47}},"2":{"start":{"line":4,"column":13},"end":{"line":18,"column":2}},"3":{"start":{"line":20,"column":0},"end":{"line":20,"column":22}}},"fnMap":{},"branchMap":{},"s":{"0":1,"1":1,"2":1,"3":1},"f":{},"b":{},"_coverageSchema":"1a1c01bbd47fc00a2c39e90264f33305004495a9","hash":"dc12b5715386561d923d2e1bdb548e44cfb37eca"}
}
