{"/Users/leo/Desktop/GruppUppgift-ApLife/webb24_alm_group_task/__tests__/test-setup.js": {"path":"/Users/leo/Desktop/GruppUppgift-ApLife/webb24_alm_group_task/__tests__/test-setup.js","statementMap":{"0":{"start":{"line":2,"column":0},"end":{"line":2,"column":30}},"1":{"start":{"line":3,"column":18},"end":{"line":3,"column":51}},"2":{"start":{"line":4,"column":13},"end":{"line":4,"column":42}},"3":{"start":{"line":5,"column":21},"end":{"line":5,"column":58}},"4":{"start":{"line":8,"column":0},"end":{"line":10,"column":3}},"5":{"start":{"line":9,"column":2},"end":{"line":9,"column":38}},"6":{"start":{"line":12,"column":0},"end":{"line":19,"column":2}},"7":{"start":{"line":13,"column":2},"end":{"line":15,"column":4}},"8":{"start":{"line":16,"column":2},"end":{"line":18,"column":4}},"9":{"start":{"line":21,"column":0},"end":{"line":23,"column":3}},"10":{"start":{"line":22,"column":2},"end":{"line":22,"column":26}},"11":{"start":{"line":25,"column":0},"end":{"line":25,"column":50}}},"fnMap":{"0":{"name":"(anonymous_0)","decl":{"start":{"line":8,"column":10},"end":{"line":8,"column":11}},"loc":{"start":{"line":8,"column":22},"end":{"line":10,"column":1}},"line":8},"1":{"name":"(anonymous_1)","decl":{"start":{"line":12,"column":11},"end":{"line":12,"column":12}},"loc":{"start":{"line":12,"column":23},"end":{"line":19,"column":1}},"line":12},"2":{"name":"(anonymous_2)","decl":{"start":{"line":21,"column":9},"end":{"line":21,"column":10}},"loc":{"start":{"line":21,"column":21},"end":{"line":23,"column":1}},"line":21}},"branchMap":{},"s":{"0":2,"1":2,"2":2,"3":2,"4":2,"5":2,"6":2,"7":14,"8":14,"9":2,"10":2,"11":2},"f":{"0":2,"1":14,"2":2},"b":{},"_coverageSchema":"1a1c01bbd47fc00a2c39e90264f33305004495a9","hash":"335bd1e6b94b4b8cfb76169573b3179932908e4d"}
,"/Users/leo/Desktop/GruppUppgift-ApLife/webb24_alm_group_task/src/config/database.js": {"path":"/Users/leo/Desktop/GruppUppgift-ApLife/webb24_alm_group_task/src/config/database.js","statementMap":{"0":{"start":{"line":1,"column":22},"end":{"line":1,"column":42}},"1":{"start":{"line":2,"column":15},"end":{"line":2,"column":32}},"2":{"start":{"line":4,"column":0},"end":{"line":4,"column":16}},"3":{"start":{"line":8,"column":0},"end":{"line":20,"column":1}},"4":{"start":{"line":9,"column":2},"end":{"line":13,"column":5}},"5":{"start":{"line":15,"column":2},"end":{"line":19,"column":5}},"6":{"start":{"line":22,"column":0},"end":{"line":22,"column":27}}},"fnMap":{},"branchMap":{"0":{"loc":{"start":{"line":8,"column":0},"end":{"line":20,"column":1}},"type":"if","locations":[{"start":{"line":8,"column":0},"end":{"line":20,"column":1}},{"start":{"line":14,"column":7},"end":{"line":20,"column":1}}],"line":8}},"s":{"0":2,"1":2,"2":2,"3":2,"4":0,"5":2,"6":2},"f":{},"b":{"0":[0,2]},"_coverageSchema":"1a1c01bbd47fc00a2c39e90264f33305004495a9","hash":"ef516fa8f396b60681907dfd68e80e2173a4d6f4"}
,"/Users/leo/Desktop/GruppUppgift-ApLife/webb24_alm_group_task/src/models/Accomodation.js": {"path":"/Users/leo/Desktop/GruppUppgift-ApLife/webb24_alm_group_task/src/models/Accomodation.js","statementMap":{"0":{"start":{"line":1,"column":45},"end":{"line":1,"column":65}},"1":{"start":{"line":2,"column":18},"end":{"line":2,"column":47}},"2":{"start":{"line":3,"column":13},"end":{"line":3,"column":30}},"3":{"start":{"line":5,"column":21},"end":{"line":63,"column":2}},"4":{"start":{"line":65,"column":0},"end":{"line":65,"column":76}},"5":{"start":{"line":66,"column":0},"end":{"line":66,"column":55}},"6":{"start":{"line":69,"column":0},"end":{"line":69,"column":30}}},"fnMap":{},"branchMap":{},"s":{"0":2,"1":2,"2":2,"3":2,"4":2,"5":2,"6":2},"f":{},"b":{},"_coverageSchema":"1a1c01bbd47fc00a2c39e90264f33305004495a9","hash":"8444564970e55dd7a4d18fa77e605634538d7d50"}
,"/Users/leo/Desktop/GruppUppgift-ApLife/webb24_alm_group_task/src/models/User.js": {"path":"/Users/leo/Desktop/GruppUppgift-ApLife/webb24_alm_group_task/src/models/User.js","statementMap":{"0":{"start":{"line":1,"column":45},"end":{"line":1,"column":65}},"1":{"start":{"line":2,"column":18},"end":{"line":2,"column":47}},"2":{"start":{"line":4,"column":13},"end":{"line":30,"column":2}},"3":{"start":{"line":32,"column":0},"end":{"line":32,"column":22}}},"fnMap":{},"branchMap":{},"s":{"0":2,"1":2,"2":2,"3":2},"f":{},"b":{},"_coverageSchema":"1a1c01bbd47fc00a2c39e90264f33305004495a9","hash":"f56908434e2ebc1e915bd5925951e9e4aa8cfe43"}
}
