TN:
SF:__tests__/test-setup.js
FN:8,(anonymous_0)
FN:12,(anonymous_1)
FN:21,(anonymous_2)
FNF:3
FNH:3
FNDA:2,(anonymous_0)
FNDA:14,(anonymous_1)
FNDA:2,(anonymous_2)
DA:2,2
DA:3,2
DA:4,2
DA:5,2
DA:8,2
DA:9,2
DA:12,2
DA:13,14
DA:16,14
DA:21,2
DA:22,2
DA:25,2
LF:12
LH:12
BRF:0
BRH:0
end_of_record
TN:
SF:src/config/database.js
FNF:0
FNH:0
DA:1,2
DA:2,2
DA:4,2
DA:8,2
DA:9,0
DA:15,2
DA:22,2
LF:7
LH:6
BRDA:8,0,0,0
BRDA:8,0,1,2
BRF:2
BRH:1
end_of_record
TN:
SF:src/models/Accomodation.js
FNF:0
FNH:0
DA:1,2
DA:2,2
DA:3,2
DA:5,2
DA:65,2
DA:66,2
DA:69,2
LF:7
LH:7
BRF:0
BRH:0
end_of_record
TN:
SF:src/models/User.js
FNF:0
FNH:0
DA:1,2
DA:2,2
DA:4,2
DA:32,2
LF:4
LH:4
BRF:0
BRH:0
end_of_record
